<?xml version="1.0" encoding="UTF-8"?>
<testng-results ignored="0" total="2" passed="2" failed="0" skipped="0">
  <reporter-output>
  </reporter-output>
  <suite started-at="2023-01-01T19:26:01 IST" name="Suite" finished-at="2023-01-01T19:26:13 IST" duration-ms="11669">
    <groups>
    </groups>
    <test started-at="2023-01-01T19:26:01 IST" name="Test" finished-at="2023-01-01T19:26:13 IST" duration-ms="11669">
      <class name="video01.Video01_OpenBrowser">
        <test-method signature="f()[pri:0, instance:video01.Video01_OpenBrowser@1ea9f6af]" started-at="2023-01-01T19:26:01 IST" name="f" finished-at="2023-01-01T19:26:07 IST" duration-ms="5931" status="PASS">
          <reporter-output>
          </reporter-output>
        </test-method> <!-- f -->
      </class> <!-- video01.Video01_OpenBrowser -->
      <class name="video01.Video02_OpenBrowser">
        <test-method signature="f()[pri:0, instance:video01.Video02_OpenBrowser@6eda5c9]" started-at="2023-01-01T19:26:07 IST" name="f" finished-at="2023-01-01T19:26:13 IST" duration-ms="5707" status="PASS">
          <reporter-output>
          </reporter-output>
        </test-method> <!-- f -->
      </class> <!-- video01.Video02_OpenBrowser -->
    </test> <!-- Test -->
  </suite> <!-- Suite -->
</testng-results>
